
                            @@@         @@@@ @ @@@@@@@   
                          @@   @@     @@    @@   @@   @@ 
                         @@     @@   @@      @   @@    @@
                        @@       @@ @@       @   @@    @@
                        @@       @@ @@           @@   @@ 
                        @@       @@ @@           @@@@@   
                        @@       @@ @@           @@      
                        @@       @@ @@           @@      
                         @@     @@   @@      @   @@      
                          @@   @@     @@    @@   @@      
                            @@@         @@@@   @@@@@@    

                           Placer for Standards Cells

                   Alliance CAD System 5.0,            ocp 5.0
                   Copyright (c) 2001-2018,     ASIM/LIP6/UPMC
                   E-mail        : alliance-users@asim.lip6.fr

o ALLIANCE environment:
  o ALLIANCE_TOP   : /usr
o MBK environment:
  o MBK_IN_LO      : vst
  o MBK_OUT_LO     : vst
  o MBK_IN_PH      : ap
  o MBK_OUT_PH     : ap
  o MBK_VSS        : vss
  o MBK_VDD        : vdd
  o MBK_CATAL_NAME : CATAL
  o MBK_CATA_LIB   : .
                     /usr/share/alliance/cells/sxlib
                     /usr/share/alliance/cells/dp_sxlib
                     /usr/share/alliance/cells/rflib
                     /usr/share/alliance/cells/rf2lib
                     /usr/share/alliance/cells/ramlib
                     /usr/share/alliance/cells/romlib
                     /usr/share/alliance/cells/padlib
                     /usr/share/alliance/cells/pxlib

 o Number total of instances is ....  100
 o Number of instances to place is ....  100
 o Number of instances already placed is ....  0
 o Number of nets is .... 107
 o Sum of instances to place widths is ... 654
 o Computing Initial Placement ...
 o User Margin : 20%
 o Number of Rows : 9
 o Real Margin : 16.4751%
 o Width of the abutment box : 87
 o Height of the abutment box : 90
 o conspace : 29 1st connector : 14.5
 o adding connector  : scanin x : 14 y : 90
 o adding connector  : test x : 43 y : 90
 o adding connector  : clk x : 72 y : 90
 o conspace : 29 1st connector : 14.5
 o adding connector : scanout x : 14 y : 0
 o adding connector : output 0 x : 43 y : 0
 o adding connector : output 1 x : 72 y : 0
 o adding connector : input 0 x : 0 y : 15
 o adding connector : input 1 x : 0 y : 45
 o adding connector : input 2 x : 0 y : 75
 o adding connector: change 0 x : 87 y : 15
 o adding connector: change 1 x : 87 y : 45
 o adding connector: rst x : 87 y : 75
 o Initial Placement Computing ... done. 
 o Beginning global placement ....
 o Initial RowCost = 26.6667
 o Initial BinCost = 29.1648
 o Initial NetCost = 7985.5
 o Initial Cost = 1
 o Computing Initial Temperature ...
 o bins size 654
 o bins capa 654
 o subrows capa 654
Loop = 1, Temperature = 0.236825, Cost = 1.05222
  RowCost = 75.3333, BinCost = 196.996, NetCost = 8402.5
  Success Ratio = 99.3873%, Dist = 1, Delta = 0.5
 o Total impossible movements = 991
 o 3.93542 % suroccupied target
 o 19.2735 % source equal target
 o 76.7911 % impossible exchange
Loop = 2, Temperature = 0.118412, Cost = 0.999499
  RowCost = 85.3333, BinCost = 171.494, NetCost = 7981.5
  Success Ratio = 99.0372%, Dist = 1, Delta = 0.5
 o Total impossible movements = 1888
 o 3.65466 % suroccupied target
 o 19.3856 % source equal target
 o 76.9597 % impossible exchange
Loop = 3, Temperature = 0.0592061, Cost = 1.01647
  RowCost = 100, BinCost = 172.835, NetCost = 8117
  Success Ratio = 97.6368%, Dist = 1, Delta = 0.5
 o Total impossible movements = 2801
 o 3.89147 % suroccupied target
 o 19.3859 % source equal target
 o 76.7226 % impossible exchange
Loop = 4, Temperature = 0.0296031, Cost = 0.970885
  RowCost = 50.6667, BinCost = 196.667, NetCost = 7753
  Success Ratio = 95.2298%, Dist = 1, Delta = 0.5
 o Total impossible movements = 3692
 o 3.84615 % suroccupied target
 o 19.2308 % source equal target
 o 76.9231 % impossible exchange
Loop = 5, Temperature = 0.0148015, Cost = 1.03801
  RowCost = 63.3333, BinCost = 153.333, NetCost = 8289
  Success Ratio = 89.628%, Dist = 1, Delta = 0.5
 o Total impossible movements = 4509
 o 3.7037 % suroccupied target
 o 19.5387 % source equal target
 o 76.7576 % impossible exchange
Loop = 6, Temperature = 0.00965583, Cost = 1.00081
  RowCost = 72.6667, BinCost = 153.663, NetCost = 7992
  Success Ratio = 83.1072%, Dist = 1, Delta = 0.652353
 o Total impossible movements = 5380
 o 3.94052 % suroccupied target
 o 19.2751 % source equal target
 o 76.7844 % impossible exchange
Loop = 7, Temperature = 0.00774553, Cost = 0.935007
  RowCost = 61.3333, BinCost = 131.165, NetCost = 7466.5
  Success Ratio = 73.4792%, Dist = 1, Delta = 0.802161
 o Total impossible movements = 6254
 o 4.14135 % suroccupied target
 o 19.0918 % source equal target
 o 76.7669 % impossible exchange
Loop = 8, Temperature = 0.00637334, Cost = 0.946152
  RowCost = 47.3333, BinCost = 129.165, NetCost = 7555.5
  Success Ratio = 68.9716%, Dist = 1, Delta = 0.822841
 o Total impossible movements = 7091
 o 4.06149 % suroccupied target
 o 19.278 % source equal target
 o 76.6606 % impossible exchange
Loop = 9, Temperature = 0.00517814, Cost = 0.928558
  RowCost = 91.3333, BinCost = 154.498, NetCost = 7415
  Success Ratio = 61.7068%, Dist = 1, Delta = 0.81247
 o Total impossible movements = 8042
 o 3.96667 % suroccupied target
 o 19.3733 % source equal target
 o 76.66 % impossible exchange
Loop = 10, Temperature = 0.00446565, Cost = 0.909711
  RowCost = 60, BinCost = 168.835, NetCost = 7264.5
  Success Ratio = 58.8621%, Dist = 1, Delta = 0.862404
 o Total impossible movements = 8977
 o 3.92113 % suroccupied target
 o 19.2381 % source equal target
 o 76.8408 % impossible exchange
Loop = 11, Temperature = 0.00396894, Cost = 0.905328
  RowCost = 87.3333, BinCost = 171.839, NetCost = 7229.5
  Success Ratio = 47.0897%, Dist = 1, Delta = 0.888771
 o Total impossible movements = 9872
 o 3.78849 % suroccupied target
 o 19.2362 % source equal target
 o 76.9753 % impossible exchange
Loop = 12, Temperature = 0.00341438, Cost = 0.842277
  RowCost = 96, BinCost = 186, NetCost = 6726
  Success Ratio = 42.9322%, Dist = 0.989322, Delta = 0.860274
 o Total impossible movements = 10843
 o 4.05792 % suroccupied target
 o 19.229 % source equal target
 o 76.7131 % impossible exchange
Loop = 13, Temperature = 0.00312399, Cost = 0.861061
  RowCost = 68, BinCost = 121.172, NetCost = 6876
  Success Ratio = 34.6171%, Dist = 0.896494, Delta = 0.914952
 o Total impossible movements = 11897
 o 4.21115 % suroccupied target
 o 19.072 % source equal target
 o 76.7168 % impossible exchange
Loop = 14, Temperature = 0.00288344, Cost = 0.810469
  RowCost = 71.3333, BinCost = 119.333, NetCost = 6472
  Success Ratio = 34.1794%, Dist = 0.808453, Delta = 0.922998
 o Total impossible movements = 12788
 o 4.23053 % suroccupied target
 o 19.1273 % source equal target
 o 76.6422 % impossible exchange
Loop = 15, Temperature = 0.00259244, Cost = 0.814163
  RowCost = 75.3333, BinCost = 173.678, NetCost = 6501.5
  Success Ratio = 32.035%, Dist = 0.711722, Delta = 0.899077
 o Total impossible movements = 13595
 o 4.04561 % suroccupied target
 o 19.1026 % source equal target
 o 76.8518 % impossible exchange
Loop = 16, Temperature = 0.00240156, Cost = 0.830944
  RowCost = 80, BinCost = 202.667, NetCost = 6635.5
  Success Ratio = 29.9344%, Dist = 0.611614, Delta = 0.926372
 o Total impossible movements = 14500
 o 3.91724 % suroccupied target
 o 19.3862 % source equal target
 o 76.6966 % impossible exchange
Loop = 17, Temperature = 0.00226668, Cost = 0.717926
  RowCost = 56.6667, BinCost = 172.667, NetCost = 5733
  Success Ratio = 24.5952%, Dist = 0.492931, Delta = 0.943838
 o Total impossible movements = 15358
 o 3.86769 % suroccupied target
 o 19.7682 % source equal target
 o 76.3641 % impossible exchange
Loop = 18, Temperature = 0.00204247, Cost = 0.722497
  RowCost = 120, BinCost = 210.498, NetCost = 5769.5
  Success Ratio = 25.9519%, Dist = 0.403966, Delta = 0.901084
 o Total impossible movements = 16352
 o 3.66928 % suroccupied target
 o 20.4929 % source equal target
 o 75.8378 % impossible exchange
Loop = 19, Temperature = 0.00185766, Cost = 0.737712
  RowCost = 58, BinCost = 152.169, NetCost = 5891
  Success Ratio = 29.5405%, Dist = 0.345555, Delta = 0.909518
 o Total impossible movements = 17437
 o 3.78505 % suroccupied target
 o 21.4142 % source equal target
 o 74.8007 % impossible exchange
Loop = 20, Temperature = 0.00171076, Cost = 0.75155
  RowCost = 86, BinCost = 214.169, NetCost = 6001.5
  Success Ratio = 31.5536%, Dist = 0.302546, Delta = 0.920921
 o Total impossible movements = 18763
 o 3.53355 % suroccupied target
 o 22.7522 % source equal target
 o 73.7142 % impossible exchange
Loop = 21, Temperature = 0.00150274, Cost = 0.730011
  RowCost = 97.3333, BinCost = 160.835, NetCost = 5829.5
  Success Ratio = 31.291%, Dist = 0.264095, Delta = 0.878405
 o Total impossible movements = 20252
 o 3.28856 % suroccupied target
 o 24.0865 % source equal target
 o 72.6249 % impossible exchange
Loop = 22, Temperature = 0.0013946, Cost = 0.712855
  RowCost = 101.333, BinCost = 194.667, NetCost = 5692.5
  Success Ratio = 34.8359%, Dist = 0.239893, Delta = 0.928039
 o Total impossible movements = 22010
 o 3.09859 % suroccupied target
 o 26.3835 % source equal target
 o 70.5179 % impossible exchange
Loop = 23, Temperature = 0.00122075, Cost = 0.707845
  RowCost = 98, BinCost = 154, NetCost = 5652.5
  Success Ratio = 34.6608%, Dist = 0.217489, Delta = 0.875342
 o Total impossible movements = 24143
 o 2.91596 % suroccupied target
 o 28.3188 % source equal target
 o 68.7653 % impossible exchange
Loop = 24, Temperature = 0.00106753, Cost = 0.675286
  RowCost = 68.6667, BinCost = 140.835, NetCost = 5392.5
  Success Ratio = 28.0963%, Dist = 0.1829, Delta = 0.874486
 o Total impossible movements = 26210
 o 2.69744 % suroccupied target
 o 29.6833 % source equal target
 o 67.6192 % impossible exchange
Loop = 25, Temperature = 0.000968389, Cost = 0.672782
  RowCost = 69.3333, BinCost = 142.498, NetCost = 5372.5
  Success Ratio = 24.3764%, Dist = 0.147009, Delta = 0.907128
 o Total impossible movements = 28058
 o 2.51978 % suroccupied target
 o 30.8646 % source equal target
 o 66.6156 % impossible exchange
Loop = 26, Temperature = 0.000840513, Cost = 0.666521
  RowCost = 81.3333, BinCost = 152.337, NetCost = 5322.5
  Success Ratio = 30.6346%, Dist = 0.12736, Delta = 0.86795
 o Total impossible movements = 30931
 o 2.3019 % suroccupied target
 o 33.8431 % source equal target
 o 63.855 % impossible exchange
Loop = 27, Temperature = 0.000717508, Cost = 0.652746
  RowCost = 89.3333, BinCost = 190.169, NetCost = 5212.5
  Success Ratio = 23.5449%, Dist = 0.101309, Delta = 0.853655
 o Total impossible movements = 33700
 o 2.12166 % suroccupied target
 o 36.184 % source equal target
 o 61.6944 % impossible exchange
Loop = 28, Temperature = 0.000645893, Cost = 0.657755
  RowCost = 56, BinCost = 158.169, NetCost = 5252.5
  Success Ratio = 19.3873%, Dist = 0.1, Delta = 0.900189
 o Total impossible movements = 36937
 o 2.23083 % suroccupied target
 o 38.0594 % source equal target
 o 59.7098 % impossible exchange
Loop = 29, Temperature = 0.000593869, Cost = 0.637718
  RowCost = 66, BinCost = 148.667, NetCost = 5092.5
  Success Ratio = 18.9934%, Dist = 0.1, Delta = 0.919455
 o Total impossible movements = 39490
 o 2.0866 % suroccupied target
 o 39.8303 % source equal target
 o 58.0831 % impossible exchange
Loop = 30, Temperature = 0.00051774, Cost = 0.638971
  RowCost = 80, BinCost = 154.169, NetCost = 5102.5
  Success Ratio = 14.6171%, Dist = 0.1, Delta = 0.871809
 o Total impossible movements = 42166
 o 1.95418 % suroccupied target
 o 41.3888 % source equal target
 o 56.657 % impossible exchange
Loop = 31, Temperature = 0.000436415, Cost = 0.633962
  RowCost = 76.6667, BinCost = 184.169, NetCost = 5062.5
  Success Ratio = 9.84683%, Dist = 0.1, Delta = 0.842922
 o Total impossible movements = 45291
 o 1.82376 % suroccupied target
 o 42.5427 % source equal target
 o 55.6336 % impossible exchange
Loop = 32, Temperature = 0.000402211, Cost = 0.625196
  RowCost = 79.3333, BinCost = 144.169, NetCost = 4992.5
  Success Ratio = 8.40263%, Dist = 0.1, Delta = 0.921625
 o Total impossible movements = 48629
 o 1.69857 % suroccupied target
 o 43.4185 % source equal target
 o 54.8829 % impossible exchange
Loop = 33, Temperature = 0.000293408, Cost = 0.626448
  RowCost = 89.3333, BinCost = 148.169, NetCost = 5002.5
  Success Ratio = 6.91466%, Dist = 0.1, Delta = 0.729488
 o Total impossible movements = 52027
 o 1.58764 % suroccupied target
 o 44.375 % source equal target
 o 54.0373 % impossible exchange
Loop = 34, Temperature = 0.000236749, Cost = 0.625196
  RowCost = 65.3333, BinCost = 168.169, NetCost = 4992.5
  Success Ratio = 6.08315%, Dist = 0.1, Delta = 0.806894
 o Total impossible movements = 55213
 o 1.49965 % suroccupied target
 o 45.0166 % source equal target
 o 53.4838 % impossible exchange
Loop = 35, Temperature = 0.000206967, Cost = 0.621439
  RowCost = 87.3333, BinCost = 152.169, NetCost = 4962.5
  Success Ratio = 3.58862%, Dist = 0.1, Delta = 0.874205
 o Total impossible movements = 58849
 o 1.40699 % suroccupied target
 o 45.5216 % source equal target
 o 53.0714 % impossible exchange
Loop = 36, Temperature = 0.00011218, Cost = 0.622691
  RowCost = 77.3333, BinCost = 136.169, NetCost = 4972.5
  Success Ratio = 3.58862%, Dist = 0.1, Delta = 0.542016
 o Total impossible movements = 62067
 o 1.33404 % suroccupied target
 o 46.0245 % source equal target
 o 52.6415 % impossible exchange
Loop = 37, Temperature = 9.34763e-05, Cost = 0.620187
  RowCost = 67.3333, BinCost = 140.169, NetCost = 4952.5
  Success Ratio = 2.14442%, Dist = 0.1, Delta = 0.833273
 o Total impossible movements = 65403
 o 1.266 % suroccupied target
 o 46.5315 % source equal target
 o 52.2025 % impossible exchange
Loop = 38, Temperature = 4.67381e-05, Cost = 0.620187
  RowCost = 91.3333, BinCost = 136.169, NetCost = 4952.5
  Success Ratio = 3.06346%, Dist = 0.1, Delta = 0.5
 o Total impossible movements = 68685
 o 1.2055 % suroccupied target
 o 46.952 % source equal target
 o 51.8425 % impossible exchange
 o Global Placement finished .....
 o Gain for RowCost      = -265%
 o Gain for BinCost      = -435.47%
 o Gain for NetCost      = 37.9813%
 o NetCost Estimated = 4952.5
 o Movements Stats ?! 
 o 89215 Tried Moves
 o 1.70823 % of accepted simple instance move
 o 35.9525 % of accepted instance exchange
 o 1.04467 % of rejected simple instance move
 o 61.2946 % of rejected instance exchange
 o Impossible Movements Stats .... 
 o If you find these values interesting, call a doctor...
 o Total impossible movements = 72082
 o 1.14869 % suroccupied target
 o 47.3322 % source equal target
 o 51.5191 % impossible exchange
 o Final Optimization in process ...
 o Net Cost before Final Optimization... 5417.5
 o Final Optimization succeeded ...
 o Final Net Cost ..... 4034
 o Final Net Cost Optimization ..... 25.5376%
 o Total Net Optimization .... 49.4834%

Ocp : placement finished
NO PREPLACEMENT GIVEN
 o Destruction of DATABASE ....
