
                   @@@@@@                          @@@    @@@
                     @@                             @@     @ 
                     @@                             @@@    @ 
                     @@           @@@       @@@     @ @@   @ 
                     @@         @@   @@   @@   @@   @ @@   @ 
                     @@        @@     @@ @@     @@  @  @@  @ 
                     @@        @@     @@ @@     @@  @   @@ @ 
                     @@        @@     @@ @@     @@  @   @@ @ 
                     @@      @ @@     @@ @@     @@  @    @@@ 
                     @@     @   @@   @@   @@   @@   @     @@ 
                   @@@@@@@@@@     @@@       @@@    @@@    @@ 

                           Local optimization on Nets

                 Alliance CAD System 5.0, loon 5.0 [2003/12/07]
                 Copyright (c) 2000-2018,        ASIM/LIP6/UPMC
                 Author(s):                     François Donnet
                 E-mail        :    alliance-users@asim.lip6.fr

	MBK_IN_LO	: vst
	MBK_OUT_LO	: vst
	MBK_TARGET_LIB	: /usr/share/alliance/cells/sxlib

Reading parameter file 'paramfile.lax'...
50% area - 50% delay optimization
Reading file 'vendingmachineo_o.vst'...
Controlling file 'paramfile.lax'...
Reading lib '/usr/share/alliance/cells/sxlib'...
Capacitances on file 'vendingmachineo_o.vst'...
Delays on file 'vendingmachineo_o.vst'...2166 ps
Area on file 'vendingmachineo_o.vst'...143500 lamda² (with over-cell routing)
Details...
	inv_x2: 17 (8%)
	na2_x1: 13 (9%)
	no2_x1: 12 (8%)
	sff1_x4: 9 (28%)
	a2_x2: 6 (5%)
	na3_x1: 5 (4%)
	oa22_x2: 5 (5%)
	no3_x1: 4 (3%)
	ao22_x2: 4 (4%)
	oa2a22_x2: 3 (4%)
	noa22_x1: 3 (3%)
	a3_x2: 3 (3%)
	o2_x2: 2 (1%)
	nao22_x1: 2 (2%)
	o3_x2: 1 (1%)
	on12_x1: 1 (0%)
	noa2a22_x1: 1 (1%)
	oa2ao222_x2: 1 (1%)
	nao2o22_x1: 1 (1%)
	an12_x1: 1 (0%)
	a4_x2: 1 (1%)
	Total: 95
Worst RC on file 'vendingmachineo_o.vst'...416 ps
Inserting buffers on critical path for file 'vendingmachineo_l.vst'...4 buffers inserted -> 1975 ps
Improving RC on critical path for file 'vendingmachineo_l.vst'...1961 ps
Improving all RC for file 'vendingmachineo_l.vst'...
Worst RC on file 'vendingmachineo_l.vst'...202 ps
Area on file 'vendingmachineo_l.vst'...149000 lamda² (with over-cell routing)
Details...
	inv_x2: 17 (8%)
	na2_x1: 13 (8%)
	no2_x1: 12 (8%)
	sff1_x4: 9 (27%)
	a2_x2: 6 (5%)
	na3_x1: 5 (4%)
	oa22_x2: 5 (5%)
	buf_x2: 4 (2%)
	ao22_x2: 4 (4%)
	oa2a22_x2: 3 (4%)
	noa22_x1: 3 (3%)
	a3_x2: 3 (3%)
	no3_x4: 2 (2%)
	o2_x2: 2 (1%)
	nao22_x1: 2 (2%)
	no3_x1: 2 (1%)
	o3_x2: 1 (1%)
	on12_x1: 1 (0%)
	noa2a22_x1: 1 (1%)
	oa2ao222_x2: 1 (1%)
	nao2o22_x1: 1 (1%)
	an12_x1: 1 (0%)
	a4_x2: 1 (1%)
	Total: 99
Critical path (no warranty)...1961 ps from 'input 0' to 'statmachine_current_s_8_ins'
Saving file 'vendingmachineo_l.vst'...
Saving critical path in xsch color file 'vendingmachineo_l.xsc'...
End of loon...

